<?xml version="1.0" encoding="UTF-8"?>
<!-- Generated by org.testng.reporters.JUnitReportReporter -->
<testsuite hostname="LAPTOP-SI9PCTPK" failures="0" tests="3" name="TelAvivHotel.ValidateTelAvivCityPage" time="5.633" errors="0" timestamp="2020-11-03T12:57:53 IST" skipped="0">
  <testcase classname="TelAvivHotel.ValidateTelAvivCityPage" name="validateMiddleTelAvivCityPageLink" time="2.599"/>
  <system-out/>
  <testcase classname="TelAvivHotel.ValidateTelAvivCityPage" name="validateTopTelAvivCityPageLink" time="1.617"/>
  <system-out/>
  <testcase classname="TelAvivHotel.ValidateTelAvivCityPage" name="validateBottomTelAvivCityPageLink" time="1.417"/>
  <system-out/>
</testsuite> <!-- TelAvivHotel.ValidateTelAvivCityPage -->
