<?xml version="1.0" encoding="UTF-8"?>
<!-- Generated by org.testng.reporters.JUnitReportReporter -->
<testsuite hostname="LAPTOP-SI9PCTPK" failures="0" tests="1" name="TelAvivHotel.HelpChatTool" time="11.782" errors="0" timestamp="2020-11-05T12:19:16 IST" skipped="0">
  <testcase classname="TelAvivHotel.HelpChatTool" name="validateChatMsgTool" time="11.782"/>
  <system-out/>
</testsuite> <!-- TelAvivHotel.HelpChatTool -->
