<?xml version="1.0" encoding="UTF-8"?>
<!-- Generated by org.testng.reporters.JUnitReportReporter -->
<testsuite hostname="LAPTOP-SI9PCTPK" failures="0" tests="2" name="Academy.HomePage" time="10.179" errors="0" timestamp="2020-10-31T11:49:18 IST" skipped="0">
  <testcase classname="Academy.HomePage" name="basePageNavigation" time="3.318"/>
  <system-out/>
  <testcase classname="Academy.HomePage" name="basePageNavigation" time="6.861"/>
  <system-out/>
</testsuite> <!-- Academy.HomePage -->
