<?xml version="1.0" encoding="UTF-8"?>
<!-- Generated by org.testng.reporters.JUnitReportReporter -->
<testsuite hostname="LAPTOP-SI9PCTPK" failures="0" tests="4" name="TelAvivHotel.ValidateHomePageCredentials" time="0.577" errors="0" timestamp="2020-11-04T17:19:21 IST" skipped="0">
  <testcase classname="TelAvivHotel.ValidateHomePageCredentials" name="validateTopNavCredentials" time="0.039"/>
  <system-out/>
  <testcase classname="TelAvivHotel.ValidateHomePageCredentials" name="validateUrl" time="0.012"/>
  <system-out/>
  <testcase classname="TelAvivHotel.ValidateHomePageCredentials" name="validateBottomNavCredentials" time="0.490"/>
  <system-out/>
  <testcase classname="TelAvivHotel.ValidateHomePageCredentials" name="validateHotelDescription" time="0.036"/>
  <system-out/>
</testsuite> <!-- TelAvivHotel.ValidateHomePageCredentials -->
