<?xml version="1.0" encoding="UTF-8"?>
<!-- Generated by org.testng.reporters.JUnitReportReporter -->
<testsuite hostname="LAPTOP-SI9PCTPK" failures="1" tests="1" name="TelAvivHotel.ValidateHomePageFAQs" time="0.989" errors="0" timestamp="2020-11-04T14:40:34 IST" skipped="0">
  <testcase classname="TelAvivHotel.ValidateHomePageFAQs" name="clickFAQs" time="0.989">
    <failure message="expected [The booking conditions will be shown in the booking process under “details”. You will also find them on your booking confirmation.] but found [[The booking conditions will be shown in the booking process under “details”. You will also find them on your booking confirmation., A detailed overview will be shown beneath the rate grid, if you click on a rate or category. The rate description will show every included service., Yes, of course you can enjoy a meal or drink in one of our restaurants or bars. You may also reserve a table with our table reservation form on each restaurant website., When booking through our website www.dorint.com, via our service center or directly in our hotel, we guarantee, that you will get the best available rate. In case you will find a cheaper price after your booking, you will receive the cheaper rate less 25% discount, Generally hotel rooms are available from 3pm and apartments from 5pm.]]" type="java.lang.AssertionError">
      <![CDATA[java.lang.AssertionError: expected [The booking conditions will be shown in the booking process under “details”. You will also find them on your booking confirmation.] but found [[The booking conditions will be shown in the booking process under “details”. You will also find them on your booking confirmation., A detailed overview will be shown beneath the rate grid, if you click on a rate or category. The rate description will show every included service., Yes, of course you can enjoy a meal or drink in one of our restaurants or bars. You may also reserve a table with our table reservation form on each restaurant website., When booking through our website www.dorint.com, via our service center or directly in our hotel, we guarantee, that you will get the best available rate. In case you will find a cheaper price after your booking, you will receive the cheaper rate less 25% discount, Generally hotel rooms are available from 3pm and apartments from 5pm.]]
at org.testng.Assert.fail(Assert.java:99)
at org.testng.Assert.failNotEquals(Assert.java:1037)
at org.testng.Assert.assertEqualsImpl(Assert.java:140)
at org.testng.Assert.assertEquals(Assert.java:122)
at org.testng.Assert.assertEquals(Assert.java:617)
at TelAvivHotel.ValidateHomePageFAQs.clickFAQs(ValidateHomePageFAQs.java:67)
at java.base/jdk.internal.reflect.NativeMethodAccessorImpl.invoke0(Native Method)
at java.base/jdk.internal.reflect.NativeMethodAccessorImpl.invoke(NativeMethodAccessorImpl.java:64)
at java.base/jdk.internal.reflect.DelegatingMethodAccessorImpl.invoke(DelegatingMethodAccessorImpl.java:43)
at java.base/java.lang.reflect.Method.invoke(Method.java:564)
at org.testng.internal.MethodInvocationHelper.invokeMethod(MethodInvocationHelper.java:132)
at org.testng.internal.TestInvoker.invokeMethod(TestInvoker.java:599)
at org.testng.internal.TestInvoker.invokeTestMethod(TestInvoker.java:174)
at org.testng.internal.MethodRunner.runInSequence(MethodRunner.java:46)
at org.testng.internal.TestInvoker$MethodInvocationAgent.invoke(TestInvoker.java:822)
at org.testng.internal.TestInvoker.invokeTestMethods(TestInvoker.java:147)
at org.testng.internal.TestMethodWorker.invokeTestMethods(TestMethodWorker.java:146)
at org.testng.internal.TestMethodWorker.run(TestMethodWorker.java:128)
at java.base/java.util.ArrayList.forEach(ArrayList.java:1511)
at org.testng.TestRunner.privateRun(TestRunner.java:764)
at org.testng.TestRunner.run(TestRunner.java:585)
at org.testng.SuiteRunner.runTest(SuiteRunner.java:384)
at org.testng.SuiteRunner.runSequentially(SuiteRunner.java:378)
at org.testng.SuiteRunner.privateRun(SuiteRunner.java:337)
at org.testng.SuiteRunner.run(SuiteRunner.java:286)
at org.testng.SuiteRunnerWorker.runSuite(SuiteRunnerWorker.java:53)
at org.testng.SuiteRunnerWorker.run(SuiteRunnerWorker.java:96)
at org.testng.TestNG.runSuitesSequentially(TestNG.java:1218)
at org.testng.TestNG.runSuitesLocally(TestNG.java:1140)
at org.testng.TestNG.runSuites(TestNG.java:1069)
at org.testng.TestNG.run(TestNG.java:1037)
at org.testng.remote.AbstractRemoteTestNG.run(AbstractRemoteTestNG.java:115)
at org.testng.remote.RemoteTestNG.initAndRun(RemoteTestNG.java:251)
at org.testng.remote.RemoteTestNG.main(RemoteTestNG.java:77)
]]>
    </failure>
  </testcase> <!-- clickFAQs -->
  <system-out/>
</testsuite> <!-- TelAvivHotel.ValidateHomePageFAQs -->
