<?xml version="1.0" encoding="UTF-8"?>
<!-- Generated by org.testng.reporters.JUnitReportReporter -->
<testsuite hostname="LAPTOP-SI9PCTPK" failures="0" tests="3" name="TelAvivHotel.ValidateAboutUsPage" time="5.990" errors="0" timestamp="2020-11-05T12:19:16 IST" skipped="0">
  <testcase classname="TelAvivHotel.ValidateAboutUsPage" name="validateCenterAboutUsPageLink" time="1.920"/>
  <system-out/>
  <testcase classname="TelAvivHotel.ValidateAboutUsPage" name="validateTopAboutUsPageLink" time="1.702"/>
  <system-out/>
  <testcase classname="TelAvivHotel.ValidateAboutUsPage" name="validateNavAboutUsPageLink" time="2.368"/>
  <system-out/>
</testsuite> <!-- TelAvivHotel.ValidateAboutUsPage -->
