<?xml version="1.0" encoding="UTF-8"?>
<!-- Generated by org.testng.reporters.JUnitReportReporter -->
<testsuite hostname="LAPTOP-SI9PCTPK" failures="0" tests="1" name="TelAvivHotel.ValidateHomePageFAQs" time="1.168" errors="0" timestamp="4 Nov 2020 10:10:03 GMT">
  <testcase classname="TelAvivHotel.ValidateHomePageFAQs" name="clickFAQs" time="1.168"/>
</testsuite> <!-- TelAvivHotel.ValidateHomePageFAQs -->
