<?xml version="1.0" encoding="UTF-8"?>
<!-- Generated by org.testng.reporters.JUnitReportReporter -->
<testsuite hostname="LAPTOP-SI9PCTPK" failures="0" tests="1" name="TelAvivHotel.validatePageLinks" time="1.758" errors="0" timestamp="2 Nov 2020 09:55:33 GMT">
  <testcase classname="TelAvivHotel.validatePageLinks" name="validateTopPageLinks" time="1.758"/>
</testsuite> <!-- TelAvivHotel.validatePageLinks -->
