<?xml version="1.0" encoding="UTF-8"?>
<!-- Generated by org.testng.reporters.JUnitReportReporter -->
<testsuite hostname="LAPTOP-SI9PCTPK" failures="0" tests="3" name="TelAvivHotel.ValidateHomePageCredentials" time="0.698" errors="0" timestamp="3 Nov 2020 09:31:49 GMT">
  <testcase classname="TelAvivHotel.ValidateHomePageCredentials" name="validateBottomNavCredentials" time="0.626"/>
  <testcase classname="TelAvivHotel.ValidateHomePageCredentials" name="validateHotelDescription" time="0.031"/>
  <testcase classname="TelAvivHotel.ValidateHomePageCredentials" name="validateTopNavCredentials" time="0.041"/>
</testsuite> <!-- TelAvivHotel.ValidateHomePageCredentials -->
